{"meta": {"version": "7.3.2", "timestamp": "2025-11-14T18:37:13.395944", "branch_coverage": false, "show_contexts": false}, "files": {"repositories\\__init__.py": {"executed_lines": [], "summary": {"covered_lines": 0, "num_statements": 2, "percent_covered": 0.0, "percent_covered_display": "0", "missing_lines": 2, "excluded_lines": 0}, "missing_lines": [2, 4], "excluded_lines": []}, "repositories\\history_repository.py": {"executed_lines": [], "summary": {"covered_lines": 0, "num_statements": 41, "percent_covered": 0.0, "percent_covered_display": "0", "missing_lines": 41, "excluded_lines": 0}, "missing_lines": [6, 7, 10, 13, 19, 21, 29, 31, 41, 42, 44, 51, 53, 61, 62, 63, 65, 71, 73, 75, 77, 79, 82, 85, 86, 88, 98, 99, 101, 107, 109, 111, 113, 119, 122, 125, 126, 128, 136, 138, 144], "excluded_lines": []}, "services\\__init__.py": {"executed_lines": [], "summary": {"covered_lines": 0, "num_statements": 2, "percent_covered": 0.0, "percent_covered_display": "0", "missing_lines": 2, "excluded_lines": 0}, "missing_lines": [2, 4], "excluded_lines": []}, "services\\history_service.py": {"executed_lines": [], "summary": {"covered_lines": 0, "num_statements": 71, "percent_covered": 0.0, "percent_covered_display": "0", "missing_lines": 71, "excluded_lines": 0}, "missing_lines": [6, 7, 9, 10, 11, 14, 20, 33, 34, 35, 36, 38, 49, 52, 54, 62, 73, 74, 75, 81, 84, 87, 89, 101, 111, 112, 113, 114, 115, 116, 117, 118, 125, 126, 131, 133, 144, 147, 148, 149, 157, 159, 162, 163, 164, 165, 174, 176, 179, 182, 183, 185, 195, 196, 197, 202, 203, 204, 209, 219, 220, 221, 228, 230, 238, 239, 240, 242, 247, 248, 249], "excluded_lines": []}, "validators\\__init__.py": {"executed_lines": [], "summary": {"covered_lines": 0, "num_statements": 2, "percent_covered": 0.0, "percent_covered_display": "0", "missing_lines": 2, "excluded_lines": 0}, "missing_lines": [2, 4], "excluded_lines": []}, "validators\\history_validator.py": {"executed_lines": [], "summary": {"covered_lines": 0, "num_statements": 50, "percent_covered": 0.0, "percent_covered_display": "0", "missing_lines": 50, "excluded_lines": 0}, "missing_lines": [5, 8, 12, 24, 32, 38, 39, 48, 49, 50, 53, 54, 55, 58, 59, 60, 61, 64, 65, 66, 67, 69, 70, 71, 72, 74, 76, 77, 79, 80, 82, 83, 84, 86, 88, 89, 91, 92, 94, 95, 96, 99, 100, 101, 103, 105, 106, 116, 119, 121], "excluded_lines": []}}, "totals": {"covered_lines": 0, "num_statements": 168, "percent_covered": 0.0, "percent_covered_display": "0", "missing_lines": 168, "excluded_lines": 0}}